{"name": "Searching field tests -- @1.3 ", "status": "failed", "statusDetails": {"message": "AssertionError\n", "trace": "  File \"C:\\Users\\agafo\\PycharmProjects\\pythonProject12\\venv\\lib\\site-packages\\behave\\model.py\", line 1329, in run\n    match.run(runner.context)\n  File \"C:\\Users\\agafo\\PycharmProjects\\pythonProject12\\venv\\lib\\site-packages\\behave\\matchers.py\", line 98, in run\n    self.func(context, *args, **kwargs)\n  File \"features\\steps\\google_steps.py\", line 31, in step_4\n    assert i.is_displayed() is not False\n"}, "steps": [{"name": "Given user is on page \"https://www.google.ru\"", "status": "passed", "start": 1717520083050, "stop": 1717520083334}, {"name": "When user enters \"Видеоигры\" in search field", "status": "passed", "start": 1717520083334, "stop": 1717520084691}, {"name": "And click on enter button", "status": "passed", "start": 1717520084691, "stop": 1717520085524}, {"name": "Then page displays search results", "status": "failed", "statusDetails": {"message": "AssertionError\n", "trace": "  File \"C:\\Users\\agafo\\PycharmProjects\\pythonProject12\\venv\\lib\\site-packages\\behave\\model.py\", line 1329, in run\n    match.run(runner.context)\n  File \"C:\\Users\\agafo\\PycharmProjects\\pythonProject12\\venv\\lib\\site-packages\\behave\\matchers.py\", line 98, in run\n    self.func(context, *args, **kwargs)\n  File \"features\\steps\\google_steps.py\", line 31, in step_4\n    assert i.is_displayed() is not False\n"}, "start": 1717520085524, "stop": 1717520085578}], "parameters": [{"name": "object", "value": "Видеоигры"}], "start": 1717520083049, "stop": 1717520085579, "uuid": "787b9ed3-23b0-4903-aa79-2f2629054a65", "historyId": "6168294b5d20dc048b7d41f475155dac", "fullName": "Testing main google page: Searching field tests", "labels": [{"name": "severity", "value": "normal"}, {"name": "feature", "value": "Testing main google page"}, {"name": "framework", "value": "behave"}, {"name": "language", "value": "cpython3"}]}